<?xml version="1.0" encoding="UTF-8"?>
<!-- Generated by org.testng.reporters.JUnitReportReporter -->
<testsuite hostname="RVSKCH691LT" failures="0" tests="2" name="com.autobots.testcases.DataDrivenTest" time="44.442" errors="0" timestamp="2023-05-18T09:24:14 IST" skipped="0">
  <testcase classname="com.autobots.testcases.DataDrivenTest" name="TC001_performanceTestByLoadingSamplers" time="30.183"/>
  <system-out/>
  <testcase classname="com.autobots.testcases.DataDrivenTest" name="TC002_performanceTestByRunningJMX" time="14.259"/>
  <system-out/>
</testsuite> <!-- com.autobots.testcases.DataDrivenTest -->
